2025-08-24 20:26:58,277 - INFO - BEGIN (implicit)
2025-08-24 20:26:58,278 - INFO - SELECT refresh_tokens.refresh_token_id, refresh_tokens.user_id, refresh_tokens.token, refresh_tokens.expires_at, refresh_tokens.is_revoked, refresh_tokens.created_at, refresh_tokens.updated_at 
FROM refresh_tokens 
WHERE refresh_tokens.token = $1::VARCHAR AND refresh_tokens.user_id = $2::INTEGER AND refresh_tokens.expires_at > $3::TIMESTAMP WITHOUT TIME ZONE AND refresh_tokens.is_revoked = false
2025-08-24 20:26:58,278 - INFO - [cached since 102.1s ago] ('eyJhbGciOiJIUzI1NiIsInR5cCI6IkpXVCJ9.eyJzdWIiOiIxIiwicmVtZW1iZXJNZSI6dHJ1ZSwiZXhwIjoxNzU5MDY3MTgwfQ.AXUvQ-yDDturqOzRQGDt_dDTxSKbU9k_PEGRvXX355s', 1, datetime.datetime(2025, 8, 24, 20, 26, 58, 277169))
2025-08-24 20:26:58,614 - INFO - UPDATE refresh_tokens SET is_revoked=$1::BOOLEAN, updated_at=$2::TIMESTAMP WITHOUT TIME ZONE WHERE refresh_tokens.refresh_token_id = $3::INTEGER
2025-08-24 20:26:58,615 - INFO - [cached since 101.9s ago] (True, datetime.datetime(2025, 8, 24, 20, 26, 58, 614206), 26)
2025-08-24 20:26:58,789 - INFO - COMMIT
2025-08-24 20:26:58,957 - INFO - BEGIN (implicit)
2025-08-24 20:26:58,958 - INFO - SELECT users.user_id, users.first_name, users.last_name, users.username, users.email, users.password, users.professional_headline, users.summary, users.city, users.country_id, users.avatar, users.status, users.ip, users.terminal, users.created_at, users.updated_at, countries_1.country_id AS country_id_1, countries_1.name, countries_1.status AS status_1, countries_1.ip AS ip_1, countries_1.terminal AS terminal_1, countries_1.created_at AS created_at_1, countries_1.updated_at AS updated_at_1 
FROM users LEFT OUTER JOIN countries AS countries_1 ON users.country_id = countries_1.country_id AND countries_1.status = $1::VARCHAR 
WHERE users.user_id = $2::INTEGER
2025-08-24 20:26:58,958 - INFO - [cached since 101.8s ago] ('A', 1)
2025-08-24 20:26:59,287 - INFO - INSERT INTO refresh_tokens (user_id, token, expires_at, is_revoked, created_at, updated_at) VALUES ($1::INTEGER, $2::VARCHAR, $3::TIMESTAMP WITHOUT TIME ZONE, $4::BOOLEAN, $5::TIMESTAMP WITHOUT TIME ZONE, $6::TIMESTAMP WITHOUT TIME ZONE) RETURNING refresh_tokens.refresh_token_id
2025-08-24 20:26:59,288 - INFO - [cached since 101.5s ago] (1, 'eyJhbGciOiJIUzI1NiIsInR5cCI6IkpXVCJ9.eyJzdWIiOiIxIiwicmVtZW1iZXJNZSI6dHJ1ZSwiZXhwIjoxNzU5MDY3MjE5fQ.jPMmn7lMe1EG9RZSugvjlAlw2Fg8Rk9zeRT5fxagF84', datetime.datetime(2025, 9, 28, 13, 46, 59, 287560), False, datetime.datetime(2025, 8, 24, 20, 26, 59, 287876), None)
2025-08-24 20:27:00,247 - INFO - COMMIT
2025-08-24 20:27:00,643 - INFO - BEGIN (implicit)
2025-08-24 20:27:00,644 - INFO - SELECT categories.category_id, categories.name, categories.status, categories.ip, categories.terminal, categories.created_at, categories.updated_at 
FROM categories 
WHERE categories.status = $1::VARCHAR ORDER BY categories.name ASC
2025-08-24 20:27:00,644 - INFO - [cached since 102.2s ago] ('A',)
2025-08-24 20:27:00,974 - INFO - SELECT topics.topic_id, topics.name, topics.status, topics.ip, topics.terminal, topics.created_at, topics.updated_at 
FROM topics 
WHERE topics.status = $1::VARCHAR ORDER BY topics.name ASC
2025-08-24 20:27:00,974 - INFO - [cached since 102.1s ago] ('A',)
2025-08-24 20:27:01,199 - INFO - SELECT softwares.software_id, softwares.name, softwares.image, softwares.status, softwares.ip, softwares.terminal, softwares.created_at, softwares.updated_at 
FROM softwares 
WHERE softwares.status = $1::VARCHAR ORDER BY softwares.name ASC
2025-08-24 20:27:01,199 - INFO - [cached since 102s ago] ('A',)
2025-08-24 20:27:01,369 - INFO - SELECT publishing.publishing_id, publishing.name, publishing.type, publishing.status, publishing.ip, publishing.terminal, publishing.created_at, publishing.updated_at 
FROM publishing 
WHERE publishing.status = $1::VARCHAR ORDER BY publishing.name ASC
2025-08-24 20:27:01,369 - INFO - [cached since 101.8s ago] ('A',)
2025-08-24 20:27:01,535 - INFO - ROLLBACK
2025-08-24 20:27:26,068 - INFO - BEGIN (implicit)
2025-08-24 20:27:26,069 - INFO - SELECT categories.category_id, categories.name, categories.status, categories.ip, categories.terminal, categories.created_at, categories.updated_at 
FROM categories 
WHERE categories.status = $1::VARCHAR ORDER BY categories.name ASC
2025-08-24 20:27:26,069 - INFO - [cached since 127.7s ago] ('A',)
2025-08-24 20:27:26,451 - INFO - SELECT topics.topic_id, topics.name, topics.status, topics.ip, topics.terminal, topics.created_at, topics.updated_at 
FROM topics 
WHERE topics.status = $1::VARCHAR ORDER BY topics.name ASC
2025-08-24 20:27:26,451 - INFO - [cached since 127.5s ago] ('A',)
2025-08-24 20:27:26,623 - INFO - SELECT softwares.software_id, softwares.name, softwares.image, softwares.status, softwares.ip, softwares.terminal, softwares.created_at, softwares.updated_at 
FROM softwares 
WHERE softwares.status = $1::VARCHAR ORDER BY softwares.name ASC
2025-08-24 20:27:26,623 - INFO - [cached since 127.4s ago] ('A',)
2025-08-24 20:27:26,793 - INFO - SELECT publishing.publishing_id, publishing.name, publishing.type, publishing.status, publishing.ip, publishing.terminal, publishing.created_at, publishing.updated_at 
FROM publishing 
WHERE publishing.status = $1::VARCHAR ORDER BY publishing.name ASC
2025-08-24 20:27:26,793 - INFO - [cached since 127.2s ago] ('A',)
2025-08-24 20:27:26,990 - INFO - ROLLBACK
2025-08-24 20:36:10,665 - INFO - BEGIN (implicit)
2025-08-24 20:36:10,666 - INFO - SELECT refresh_tokens.refresh_token_id, refresh_tokens.user_id, refresh_tokens.token, refresh_tokens.expires_at, refresh_tokens.is_revoked, refresh_tokens.created_at, refresh_tokens.updated_at 
FROM refresh_tokens 
WHERE refresh_tokens.token = $1::VARCHAR AND refresh_tokens.user_id = $2::INTEGER AND refresh_tokens.expires_at > $3::TIMESTAMP WITHOUT TIME ZONE AND refresh_tokens.is_revoked = false
2025-08-24 20:36:10,666 - INFO - [cached since 654.5s ago] ('eyJhbGciOiJIUzI1NiIsInR5cCI6IkpXVCJ9.eyJzdWIiOiIxIiwicmVtZW1iZXJNZSI6dHJ1ZSwiZXhwIjoxNzU5MDY3MjE5fQ.jPMmn7lMe1EG9RZSugvjlAlw2Fg8Rk9zeRT5fxagF84', 1, datetime.datetime(2025, 8, 24, 20, 36, 10, 665213))
2025-08-24 20:36:10,998 - INFO - UPDATE refresh_tokens SET is_revoked=$1::BOOLEAN, updated_at=$2::TIMESTAMP WITHOUT TIME ZONE WHERE refresh_tokens.refresh_token_id = $3::INTEGER
2025-08-24 20:36:10,998 - INFO - [cached since 654.3s ago] (True, datetime.datetime(2025, 8, 24, 20, 36, 10, 998390), 27)
2025-08-24 20:36:11,165 - INFO - COMMIT
2025-08-24 20:36:11,331 - INFO - BEGIN (implicit)
2025-08-24 20:36:11,331 - INFO - SELECT users.user_id, users.first_name, users.last_name, users.username, users.email, users.password, users.professional_headline, users.summary, users.city, users.country_id, users.avatar, users.status, users.ip, users.terminal, users.created_at, users.updated_at, countries_1.country_id AS country_id_1, countries_1.name, countries_1.status AS status_1, countries_1.ip AS ip_1, countries_1.terminal AS terminal_1, countries_1.created_at AS created_at_1, countries_1.updated_at AS updated_at_1 
FROM users LEFT OUTER JOIN countries AS countries_1 ON users.country_id = countries_1.country_id AND countries_1.status = $1::VARCHAR 
WHERE users.user_id = $2::INTEGER
2025-08-24 20:36:11,331 - INFO - [cached since 654.2s ago] ('A', 1)
2025-08-24 20:36:11,682 - INFO - INSERT INTO refresh_tokens (user_id, token, expires_at, is_revoked, created_at, updated_at) VALUES ($1::INTEGER, $2::VARCHAR, $3::TIMESTAMP WITHOUT TIME ZONE, $4::BOOLEAN, $5::TIMESTAMP WITHOUT TIME ZONE, $6::TIMESTAMP WITHOUT TIME ZONE) RETURNING refresh_tokens.refresh_token_id
2025-08-24 20:36:11,682 - INFO - [cached since 653.9s ago] (1, 'eyJhbGciOiJIUzI1NiIsInR5cCI6IkpXVCJ9.eyJzdWIiOiIxIiwicmVtZW1iZXJNZSI6dHJ1ZSwiZXhwIjoxNzU5MDY3NzcxfQ.TNxKZVJuPil-EW-b_IjwsNWJqIR-4-lw4XIKmaWU8pA', datetime.datetime(2025, 9, 28, 13, 56, 11, 681846), False, datetime.datetime(2025, 8, 24, 20, 36, 11, 682162), None)
2025-08-24 20:36:11,848 - INFO - COMMIT
2025-08-24 20:36:12,105 - INFO - BEGIN (implicit)
2025-08-24 20:36:12,105 - INFO - SELECT categories.category_id, categories.name, categories.status, categories.ip, categories.terminal, categories.created_at, categories.updated_at 
FROM categories 
WHERE categories.status = $1::VARCHAR ORDER BY categories.name ASC
2025-08-24 20:36:12,105 - INFO - [cached since 653.7s ago] ('A',)
2025-08-24 20:36:12,435 - INFO - SELECT topics.topic_id, topics.name, topics.status, topics.ip, topics.terminal, topics.created_at, topics.updated_at 
FROM topics 
WHERE topics.status = $1::VARCHAR ORDER BY topics.name ASC
2025-08-24 20:36:12,436 - INFO - [cached since 653.6s ago] ('A',)
2025-08-24 20:36:12,603 - INFO - SELECT softwares.software_id, softwares.name, softwares.image, softwares.status, softwares.ip, softwares.terminal, softwares.created_at, softwares.updated_at 
FROM softwares 
WHERE softwares.status = $1::VARCHAR ORDER BY softwares.name ASC
2025-08-24 20:36:12,603 - INFO - [cached since 653.4s ago] ('A',)
2025-08-24 20:36:12,769 - INFO - SELECT publishing.publishing_id, publishing.name, publishing.type, publishing.status, publishing.ip, publishing.terminal, publishing.created_at, publishing.updated_at 
FROM publishing 
WHERE publishing.status = $1::VARCHAR ORDER BY publishing.name ASC
2025-08-24 20:36:12,769 - INFO - [cached since 653.2s ago] ('A',)
2025-08-24 20:36:12,936 - INFO - ROLLBACK
2025-08-24 20:45:03,350 - INFO - BEGIN (implicit)
2025-08-24 20:45:03,351 - INFO - SELECT refresh_tokens.refresh_token_id, refresh_tokens.user_id, refresh_tokens.token, refresh_tokens.expires_at, refresh_tokens.is_revoked, refresh_tokens.created_at, refresh_tokens.updated_at 
FROM refresh_tokens 
WHERE refresh_tokens.token = $1::VARCHAR AND refresh_tokens.user_id = $2::INTEGER AND refresh_tokens.expires_at > $3::TIMESTAMP WITHOUT TIME ZONE AND refresh_tokens.is_revoked = false
2025-08-24 20:45:03,351 - INFO - [cached since 1187s ago] ('eyJhbGciOiJIUzI1NiIsInR5cCI6IkpXVCJ9.eyJzdWIiOiIxIiwicmVtZW1iZXJNZSI6dHJ1ZSwiZXhwIjoxNzU5MDY3NzcxfQ.TNxKZVJuPil-EW-b_IjwsNWJqIR-4-lw4XIKmaWU8pA', 1, datetime.datetime(2025, 8, 24, 20, 45, 3, 350295))
2025-08-24 20:45:03,693 - INFO - UPDATE refresh_tokens SET is_revoked=$1::BOOLEAN, updated_at=$2::TIMESTAMP WITHOUT TIME ZONE WHERE refresh_tokens.refresh_token_id = $3::INTEGER
2025-08-24 20:45:03,693 - INFO - [cached since 1187s ago] (True, datetime.datetime(2025, 8, 24, 20, 45, 3, 693602), 28)
2025-08-24 20:45:03,859 - INFO - COMMIT
2025-08-24 20:45:04,027 - INFO - BEGIN (implicit)
2025-08-24 20:45:04,027 - INFO - SELECT users.user_id, users.first_name, users.last_name, users.username, users.email, users.password, users.professional_headline, users.summary, users.city, users.country_id, users.avatar, users.status, users.ip, users.terminal, users.created_at, users.updated_at, countries_1.country_id AS country_id_1, countries_1.name, countries_1.status AS status_1, countries_1.ip AS ip_1, countries_1.terminal AS terminal_1, countries_1.created_at AS created_at_1, countries_1.updated_at AS updated_at_1 
FROM users LEFT OUTER JOIN countries AS countries_1 ON users.country_id = countries_1.country_id AND countries_1.status = $1::VARCHAR 
WHERE users.user_id = $2::INTEGER
2025-08-24 20:45:04,027 - INFO - [cached since 1187s ago] ('A', 1)
2025-08-24 20:45:04,358 - INFO - INSERT INTO refresh_tokens (user_id, token, expires_at, is_revoked, created_at, updated_at) VALUES ($1::INTEGER, $2::VARCHAR, $3::TIMESTAMP WITHOUT TIME ZONE, $4::BOOLEAN, $5::TIMESTAMP WITHOUT TIME ZONE, $6::TIMESTAMP WITHOUT TIME ZONE) RETURNING refresh_tokens.refresh_token_id
2025-08-24 20:45:04,358 - INFO - [cached since 1187s ago] (1, 'eyJhbGciOiJIUzI1NiIsInR5cCI6IkpXVCJ9.eyJzdWIiOiIxIiwicmVtZW1iZXJNZSI6dHJ1ZSwiZXhwIjoxNzU5MDY4MzA0fQ.bwLv-B8H1zm0p5vUiN0bPemkoC3Xq6pCh98arSzQwts', datetime.datetime(2025, 9, 28, 14, 5, 4, 358203), False, datetime.datetime(2025, 8, 24, 20, 45, 4, 358480), None)
2025-08-24 20:45:04,542 - INFO - COMMIT
2025-08-24 20:45:04,883 - INFO - BEGIN (implicit)
2025-08-24 20:45:04,883 - INFO - SELECT categories.category_id, categories.name, categories.status, categories.ip, categories.terminal, categories.created_at, categories.updated_at 
FROM categories 
WHERE categories.status = $1::VARCHAR ORDER BY categories.name ASC
2025-08-24 20:45:04,883 - INFO - [cached since 1187s ago] ('A',)
2025-08-24 20:45:05,220 - INFO - SELECT topics.topic_id, topics.name, topics.status, topics.ip, topics.terminal, topics.created_at, topics.updated_at 
FROM topics 
WHERE topics.status = $1::VARCHAR ORDER BY topics.name ASC
2025-08-24 20:45:05,221 - INFO - [cached since 1186s ago] ('A',)
2025-08-24 20:45:05,391 - INFO - SELECT softwares.software_id, softwares.name, softwares.image, softwares.status, softwares.ip, softwares.terminal, softwares.created_at, softwares.updated_at 
FROM softwares 
WHERE softwares.status = $1::VARCHAR ORDER BY softwares.name ASC
2025-08-24 20:45:05,391 - INFO - [cached since 1186s ago] ('A',)
2025-08-24 20:45:05,560 - INFO - SELECT publishing.publishing_id, publishing.name, publishing.type, publishing.status, publishing.ip, publishing.terminal, publishing.created_at, publishing.updated_at 
FROM publishing 
WHERE publishing.status = $1::VARCHAR ORDER BY publishing.name ASC
2025-08-24 20:45:05,560 - INFO - [cached since 1186s ago] ('A',)
2025-08-24 20:45:05,728 - INFO - ROLLBACK
2025-08-24 21:13:46,003 - INFO - BEGIN (implicit)
2025-08-24 21:13:46,004 - INFO - SELECT refresh_tokens.refresh_token_id, refresh_tokens.user_id, refresh_tokens.token, refresh_tokens.expires_at, refresh_tokens.is_revoked, refresh_tokens.created_at, refresh_tokens.updated_at 
FROM refresh_tokens 
WHERE refresh_tokens.token = $1::VARCHAR AND refresh_tokens.user_id = $2::INTEGER AND refresh_tokens.expires_at > $3::TIMESTAMP WITHOUT TIME ZONE AND refresh_tokens.is_revoked = false
2025-08-24 21:13:46,004 - INFO - [cached since 2910s ago] ('eyJhbGciOiJIUzI1NiIsInR5cCI6IkpXVCJ9.eyJzdWIiOiIxIiwicmVtZW1iZXJNZSI6dHJ1ZSwiZXhwIjoxNzU5MDY4MzA0fQ.bwLv-B8H1zm0p5vUiN0bPemkoC3Xq6pCh98arSzQwts', 1, datetime.datetime(2025, 8, 24, 21, 13, 46, 3543))
2025-08-24 21:13:46,362 - INFO - UPDATE refresh_tokens SET is_revoked=$1::BOOLEAN, updated_at=$2::TIMESTAMP WITHOUT TIME ZONE WHERE refresh_tokens.refresh_token_id = $3::INTEGER
2025-08-24 21:13:46,362 - INFO - [cached since 2910s ago] (True, datetime.datetime(2025, 8, 24, 21, 13, 46, 362606), 29)
2025-08-24 21:13:46,529 - INFO - COMMIT
2025-08-24 21:13:46,695 - INFO - BEGIN (implicit)
2025-08-24 21:13:46,695 - INFO - SELECT users.user_id, users.first_name, users.last_name, users.username, users.email, users.password, users.professional_headline, users.summary, users.city, users.country_id, users.avatar, users.status, users.ip, users.terminal, users.created_at, users.updated_at, countries_1.country_id AS country_id_1, countries_1.name, countries_1.status AS status_1, countries_1.ip AS ip_1, countries_1.terminal AS terminal_1, countries_1.created_at AS created_at_1, countries_1.updated_at AS updated_at_1 
FROM users LEFT OUTER JOIN countries AS countries_1 ON users.country_id = countries_1.country_id AND countries_1.status = $1::VARCHAR 
WHERE users.user_id = $2::INTEGER
2025-08-24 21:13:46,695 - INFO - [cached since 2910s ago] ('A', 1)
2025-08-24 21:13:47,026 - INFO - INSERT INTO refresh_tokens (user_id, token, expires_at, is_revoked, created_at, updated_at) VALUES ($1::INTEGER, $2::VARCHAR, $3::TIMESTAMP WITHOUT TIME ZONE, $4::BOOLEAN, $5::TIMESTAMP WITHOUT TIME ZONE, $6::TIMESTAMP WITHOUT TIME ZONE) RETURNING refresh_tokens.refresh_token_id
2025-08-24 21:13:47,026 - INFO - [cached since 2909s ago] (1, 'eyJhbGciOiJIUzI1NiIsInR5cCI6IkpXVCJ9.eyJzdWIiOiIxIiwicmVtZW1iZXJNZSI6dHJ1ZSwiZXhwIjoxNzU5MDcwMDI3fQ.D-0ltrUbxIFvhJII6wNfUTVUr0b_qqANDmexNX0C2wM', datetime.datetime(2025, 9, 28, 14, 33, 47, 26122), False, datetime.datetime(2025, 8, 24, 21, 13, 47, 26400), None)
2025-08-24 21:13:47,206 - INFO - COMMIT
