2025-08-25 03:37:08,144 - INFO - select pg_catalog.version()
2025-08-25 03:37:08,144 - INFO - [raw sql] ()
2025-08-25 03:37:09,284 - INFO - select current_schema()
2025-08-25 03:37:09,284 - INFO - [raw sql] ()
2025-08-25 03:37:10,650 - INFO - show standard_conforming_strings
2025-08-25 03:37:10,651 - INFO - [raw sql] ()
2025-08-25 03:37:11,375 - INFO - BEGIN (implicit)
2025-08-25 03:37:11,402 - INFO - SELECT refresh_tokens.refresh_token_id, refresh_tokens.user_id, refresh_tokens.token, refresh_tokens.expires_at, refresh_tokens.is_revoked, refresh_tokens.created_at, refresh_tokens.updated_at 
FROM refresh_tokens 
WHERE refresh_tokens.token = $1::VARCHAR AND refresh_tokens.user_id = $2::INTEGER AND refresh_tokens.expires_at > $3::TIMESTAMP WITHOUT TIME ZONE AND refresh_tokens.is_revoked = false
2025-08-25 03:37:11,403 - INFO - [generated in 0.00021s] ('eyJhbGciOiJIUzI1NiIsInR5cCI6IkpXVCJ9.eyJzdWIiOiIxIiwicmVtZW1iZXJNZSI6dHJ1ZSwiZXhwIjoxNzU5MDcwMDI3fQ.D-0ltrUbxIFvhJII6wNfUTVUr0b_qqANDmexNX0C2wM', 1, datetime.datetime(2025, 8, 25, 3, 37, 5, 306162))
2025-08-25 03:37:12,142 - INFO - UPDATE refresh_tokens SET is_revoked=$1::BOOLEAN, updated_at=$2::TIMESTAMP WITHOUT TIME ZONE WHERE refresh_tokens.refresh_token_id = $3::INTEGER
2025-08-25 03:37:12,143 - INFO - [generated in 0.00052s] (True, datetime.datetime(2025, 8, 25, 3, 37, 12, 142738), 30)
2025-08-25 03:37:12,746 - INFO - COMMIT
2025-08-25 03:37:13,046 - INFO - BEGIN (implicit)
2025-08-25 03:37:13,049 - INFO - SELECT users.user_id, users.first_name, users.last_name, users.username, users.email, users.password, users.professional_headline, users.summary, users.city, users.country_id, users.avatar, users.status, users.ip, users.terminal, users.created_at, users.updated_at, countries_1.country_id AS country_id_1, countries_1.name, countries_1.status AS status_1, countries_1.ip AS ip_1, countries_1.terminal AS terminal_1, countries_1.created_at AS created_at_1, countries_1.updated_at AS updated_at_1 
FROM users LEFT OUTER JOIN countries AS countries_1 ON users.country_id = countries_1.country_id AND countries_1.status = $1::VARCHAR 
WHERE users.user_id = $2::INTEGER
2025-08-25 03:37:13,049 - INFO - [generated in 0.00014s] ('A', 1)
2025-08-25 03:37:13,678 - INFO - INSERT INTO refresh_tokens (user_id, token, expires_at, is_revoked, created_at, updated_at) VALUES ($1::INTEGER, $2::VARCHAR, $3::TIMESTAMP WITHOUT TIME ZONE, $4::BOOLEAN, $5::TIMESTAMP WITHOUT TIME ZONE, $6::TIMESTAMP WITHOUT TIME ZONE) RETURNING refresh_tokens.refresh_token_id
2025-08-25 03:37:13,679 - INFO - [generated in 0.00021s] (1, 'eyJhbGciOiJIUzI1NiIsInR5cCI6IkpXVCJ9.eyJzdWIiOiIxIiwicmVtZW1iZXJNZSI6dHJ1ZSwiZXhwIjoxNzU5MDkzMDMzfQ.SA6jKRp6Dm32nOGyM-QkbVb_pN_gDfCnm2S21Rgvp8U', datetime.datetime(2025, 9, 28, 20, 57, 13, 678153), False, datetime.datetime(2025, 8, 25, 3, 37, 13, 678915), None)
2025-08-25 03:37:14,045 - INFO - COMMIT
2025-08-25 03:37:14,372 - INFO - BEGIN (implicit)
2025-08-25 03:37:14,374 - INFO - SELECT artworks.artwork_id AS artwork_id, artworks.title AS title, artworks.publishing_id AS "publishingId", artworks.has_images AS "hasImages", artworks.has_videos AS "hasVideos", artworks.has_3d_file AS "has3DFile", artworks.created_at AS "createdAt", artwork_thumbnail.filename AS thumbnail, users.username AS owner, users.avatar AS avatar 
FROM artwork_owner JOIN users ON artwork_owner.user_id = users.user_id JOIN artworks ON artwork_owner.artwork_id = artworks.artwork_id AND artworks.status = $1::VARCHAR AND artworks.publishing_id = $2::INTEGER LEFT OUTER JOIN artwork_thumbnail ON artworks.artwork_id = artwork_thumbnail.artwork_id AND artwork_thumbnail.status = $3::VARCHAR 
WHERE artwork_owner.status = $4::VARCHAR ORDER BY artworks.created_at ASC
2025-08-25 03:37:14,374 - INFO - [generated in 0.00015s] ('A', 2, 'A', 'A')
2025-08-25 03:37:15,999 - INFO - ROLLBACK
2025-08-25 03:37:18,617 - INFO - BEGIN (implicit)
2025-08-25 03:37:18,618 - INFO - SELECT artworks.artwork_id AS artwork_id, artworks.title AS title, artworks.publishing_id AS "publishingId", artworks.created_at AS "createdAt", artwork_thumbnail.filename AS thumbnail, users.username AS owner 
FROM artwork_owner JOIN users ON artwork_owner.user_id = users.user_id JOIN artworks ON artwork_owner.artwork_id = artworks.artwork_id AND artworks.status = $1::VARCHAR LEFT OUTER JOIN artwork_thumbnail ON artworks.artwork_id = artwork_thumbnail.artwork_id AND artwork_thumbnail.status = $2::VARCHAR 
WHERE artwork_owner.status = $3::VARCHAR AND artwork_owner.user_id = $4::INTEGER ORDER BY artworks.created_at ASC
2025-08-25 03:37:18,618 - INFO - [generated in 0.00015s] ('A', 'A', 'A', 1)
2025-08-25 03:37:19,322 - INFO - ROLLBACK
2025-08-25 03:37:21,206 - INFO - BEGIN (implicit)
2025-08-25 03:37:21,211 - INFO - SELECT user_social_network.user_social_network_id, user_social_network.user_id, user_social_network.social_media_id, user_social_network.link, user_social_network.status, user_social_network.ip, user_social_network.terminal, user_social_network.created_at, user_social_network.updated_at, social_media_1.social_media_id AS social_media_id_1, social_media_1.name, social_media_1.status AS status_1, social_media_1.ip AS ip_1, social_media_1.terminal AS terminal_1, social_media_1.created_at AS created_at_1, social_media_1.updated_at AS updated_at_1 
FROM user_social_network LEFT OUTER JOIN social_media AS social_media_1 ON user_social_network.social_media_id = social_media_1.social_media_id AND social_media_1.status = $1::VARCHAR 
WHERE user_social_network.user_id = $2::INTEGER AND user_social_network.status = $3::VARCHAR ORDER BY user_social_network.user_social_network_id ASC
2025-08-25 03:37:21,211 - INFO - [generated in 0.00025s] ('A', 1, 'A')
2025-08-25 03:37:22,566 - INFO - ROLLBACK
2025-08-25 03:37:31,950 - INFO - BEGIN (implicit)
2025-08-25 03:37:31,951 - INFO - SELECT categories.category_id, categories.name, categories.status, categories.ip, categories.terminal, categories.created_at, categories.updated_at 
FROM categories 
WHERE categories.status = $1::VARCHAR ORDER BY categories.name ASC
2025-08-25 03:37:31,951 - INFO - [generated in 0.00012s] ('A',)
2025-08-25 03:37:32,675 - INFO - SELECT topics.topic_id, topics.name, topics.status, topics.ip, topics.terminal, topics.created_at, topics.updated_at 
FROM topics 
WHERE topics.status = $1::VARCHAR ORDER BY topics.name ASC
2025-08-25 03:37:32,675 - INFO - [generated in 0.00019s] ('A',)
2025-08-25 03:37:33,296 - INFO - SELECT softwares.software_id, softwares.name, softwares.image, softwares.status, softwares.ip, softwares.terminal, softwares.created_at, softwares.updated_at 
FROM softwares 
WHERE softwares.status = $1::VARCHAR ORDER BY softwares.name ASC
2025-08-25 03:37:33,296 - INFO - [generated in 0.00018s] ('A',)
2025-08-25 03:37:34,203 - INFO - SELECT publishing.publishing_id, publishing.name, publishing.type, publishing.status, publishing.ip, publishing.terminal, publishing.created_at, publishing.updated_at 
FROM publishing 
WHERE publishing.status = $1::VARCHAR ORDER BY publishing.name ASC
2025-08-25 03:37:34,203 - INFO - [generated in 0.00017s] ('A',)
2025-08-25 03:37:34,854 - INFO - ROLLBACK
2025-08-25 03:48:33,835 - INFO - BEGIN (implicit)
2025-08-25 03:48:33,837 - INFO - SELECT refresh_tokens.refresh_token_id, refresh_tokens.user_id, refresh_tokens.token, refresh_tokens.expires_at, refresh_tokens.is_revoked, refresh_tokens.created_at, refresh_tokens.updated_at 
FROM refresh_tokens 
WHERE refresh_tokens.token = $1::VARCHAR AND refresh_tokens.user_id = $2::INTEGER AND refresh_tokens.expires_at > $3::TIMESTAMP WITHOUT TIME ZONE AND refresh_tokens.is_revoked = false
2025-08-25 03:48:33,837 - INFO - [cached since 682.5s ago] ('eyJhbGciOiJIUzI1NiIsInR5cCI6IkpXVCJ9.eyJzdWIiOiIxIiwicmVtZW1iZXJNZSI6dHJ1ZSwiZXhwIjoxNzU5MDkzMDMzfQ.SA6jKRp6Dm32nOGyM-QkbVb_pN_gDfCnm2S21Rgvp8U', 1, datetime.datetime(2025, 8, 25, 3, 48, 33, 834909))
2025-08-25 03:48:34,559 - INFO - UPDATE refresh_tokens SET is_revoked=$1::BOOLEAN, updated_at=$2::TIMESTAMP WITHOUT TIME ZONE WHERE refresh_tokens.refresh_token_id = $3::INTEGER
2025-08-25 03:48:34,559 - INFO - [cached since 682.4s ago] (True, datetime.datetime(2025, 8, 25, 3, 48, 34, 558984), 31)
2025-08-25 03:48:35,457 - INFO - COMMIT
2025-08-25 03:48:35,655 - INFO - BEGIN (implicit)
2025-08-25 03:48:35,655 - INFO - SELECT users.user_id, users.first_name, users.last_name, users.username, users.email, users.password, users.professional_headline, users.summary, users.city, users.country_id, users.avatar, users.status, users.ip, users.terminal, users.created_at, users.updated_at, countries_1.country_id AS country_id_1, countries_1.name, countries_1.status AS status_1, countries_1.ip AS ip_1, countries_1.terminal AS terminal_1, countries_1.created_at AS created_at_1, countries_1.updated_at AS updated_at_1 
FROM users LEFT OUTER JOIN countries AS countries_1 ON users.country_id = countries_1.country_id AND countries_1.status = $1::VARCHAR 
WHERE users.user_id = $2::INTEGER
2025-08-25 03:48:35,655 - INFO - [cached since 682.6s ago] ('A', 1)
2025-08-25 03:48:36,132 - INFO - INSERT INTO refresh_tokens (user_id, token, expires_at, is_revoked, created_at, updated_at) VALUES ($1::INTEGER, $2::VARCHAR, $3::TIMESTAMP WITHOUT TIME ZONE, $4::BOOLEAN, $5::TIMESTAMP WITHOUT TIME ZONE, $6::TIMESTAMP WITHOUT TIME ZONE) RETURNING refresh_tokens.refresh_token_id
2025-08-25 03:48:36,132 - INFO - [cached since 682.5s ago] (1, 'eyJhbGciOiJIUzI1NiIsInR5cCI6IkpXVCJ9.eyJzdWIiOiIxIiwicmVtZW1iZXJNZSI6dHJ1ZSwiZXhwIjoxNzU5MDkzNzE2fQ.iql3JIWnrdYd9fBG5jzy4GdLeEtN2tBgeFreWhnRFJ4', datetime.datetime(2025, 9, 28, 21, 8, 36, 132221), False, datetime.datetime(2025, 8, 25, 3, 48, 36, 132514), None)
2025-08-25 03:48:36,390 - INFO - COMMIT
2025-08-25 03:48:36,716 - INFO - BEGIN (implicit)
2025-08-25 03:48:36,716 - INFO - SELECT categories.category_id, categories.name, categories.status, categories.ip, categories.terminal, categories.created_at, categories.updated_at 
FROM categories 
WHERE categories.status = $1::VARCHAR ORDER BY categories.name ASC
2025-08-25 03:48:36,716 - INFO - [cached since 664.8s ago] ('A',)
2025-08-25 03:48:38,050 - INFO - SELECT topics.topic_id, topics.name, topics.status, topics.ip, topics.terminal, topics.created_at, topics.updated_at 
FROM topics 
WHERE topics.status = $1::VARCHAR ORDER BY topics.name ASC
2025-08-25 03:48:38,050 - INFO - [cached since 665.4s ago] ('A',)
2025-08-25 03:48:38,716 - INFO - SELECT softwares.software_id, softwares.name, softwares.image, softwares.status, softwares.ip, softwares.terminal, softwares.created_at, softwares.updated_at 
FROM softwares 
WHERE softwares.status = $1::VARCHAR ORDER BY softwares.name ASC
2025-08-25 03:48:38,716 - INFO - [cached since 665.4s ago] ('A',)
2025-08-25 03:48:39,641 - INFO - SELECT publishing.publishing_id, publishing.name, publishing.type, publishing.status, publishing.ip, publishing.terminal, publishing.created_at, publishing.updated_at 
FROM publishing 
WHERE publishing.status = $1::VARCHAR ORDER BY publishing.name ASC
2025-08-25 03:48:39,642 - INFO - [cached since 665.5s ago] ('A',)
2025-08-25 03:48:40,765 - INFO - ROLLBACK
2025-08-25 03:55:37,456 - INFO - BEGIN (implicit)
2025-08-25 03:55:37,457 - INFO - SELECT refresh_tokens.refresh_token_id, refresh_tokens.user_id, refresh_tokens.token, refresh_tokens.expires_at, refresh_tokens.is_revoked, refresh_tokens.created_at, refresh_tokens.updated_at 
FROM refresh_tokens 
WHERE refresh_tokens.token = $1::VARCHAR AND refresh_tokens.user_id = $2::INTEGER AND refresh_tokens.expires_at > $3::TIMESTAMP WITHOUT TIME ZONE AND refresh_tokens.is_revoked = false
2025-08-25 03:55:37,457 - INFO - [cached since 1106s ago] ('eyJhbGciOiJIUzI1NiIsInR5cCI6IkpXVCJ9.eyJzdWIiOiIxIiwicmVtZW1iZXJNZSI6dHJ1ZSwiZXhwIjoxNzU5MDkzNzE2fQ.iql3JIWnrdYd9fBG5jzy4GdLeEtN2tBgeFreWhnRFJ4', 1, datetime.datetime(2025, 8, 25, 3, 55, 37, 456298))
2025-08-25 03:55:37,854 - INFO - UPDATE refresh_tokens SET is_revoked=$1::BOOLEAN, updated_at=$2::TIMESTAMP WITHOUT TIME ZONE WHERE refresh_tokens.refresh_token_id = $3::INTEGER
2025-08-25 03:55:37,854 - INFO - [cached since 1106s ago] (True, datetime.datetime(2025, 8, 25, 3, 55, 37, 853942), 32)
2025-08-25 03:55:38,022 - INFO - COMMIT
2025-08-25 03:55:38,190 - INFO - BEGIN (implicit)
2025-08-25 03:55:38,190 - INFO - SELECT users.user_id, users.first_name, users.last_name, users.username, users.email, users.password, users.professional_headline, users.summary, users.city, users.country_id, users.avatar, users.status, users.ip, users.terminal, users.created_at, users.updated_at, countries_1.country_id AS country_id_1, countries_1.name, countries_1.status AS status_1, countries_1.ip AS ip_1, countries_1.terminal AS terminal_1, countries_1.created_at AS created_at_1, countries_1.updated_at AS updated_at_1 
FROM users LEFT OUTER JOIN countries AS countries_1 ON users.country_id = countries_1.country_id AND countries_1.status = $1::VARCHAR 
WHERE users.user_id = $2::INTEGER
2025-08-25 03:55:38,190 - INFO - [cached since 1105s ago] ('A', 1)
2025-08-25 03:55:39,760 - INFO - INSERT INTO refresh_tokens (user_id, token, expires_at, is_revoked, created_at, updated_at) VALUES ($1::INTEGER, $2::VARCHAR, $3::TIMESTAMP WITHOUT TIME ZONE, $4::BOOLEAN, $5::TIMESTAMP WITHOUT TIME ZONE, $6::TIMESTAMP WITHOUT TIME ZONE) RETURNING refresh_tokens.refresh_token_id
2025-08-25 03:55:39,760 - INFO - [cached since 1106s ago] (1, 'eyJhbGciOiJIUzI1NiIsInR5cCI6IkpXVCJ9.eyJzdWIiOiIxIiwicmVtZW1iZXJNZSI6dHJ1ZSwiZXhwIjoxNzU5MDk0MTM5fQ.UOFWCmw145PYoaD0QArtQMeP4YWVSdcPkVXOUQ4fZe4', datetime.datetime(2025, 9, 28, 21, 15, 39, 760387), False, datetime.datetime(2025, 8, 25, 3, 55, 39, 760732), None)
2025-08-25 03:55:40,448 - INFO - COMMIT
2025-08-25 03:55:40,778 - INFO - BEGIN (implicit)
2025-08-25 03:55:40,778 - INFO - SELECT categories.category_id, categories.name, categories.status, categories.ip, categories.terminal, categories.created_at, categories.updated_at 
FROM categories 
WHERE categories.status = $1::VARCHAR ORDER BY categories.name ASC
2025-08-25 03:55:40,779 - INFO - [cached since 1089s ago] ('A',)
2025-08-25 03:55:41,134 - INFO - SELECT topics.topic_id, topics.name, topics.status, topics.ip, topics.terminal, topics.created_at, topics.updated_at 
FROM topics 
WHERE topics.status = $1::VARCHAR ORDER BY topics.name ASC
2025-08-25 03:55:41,134 - INFO - [cached since 1089s ago] ('A',)
2025-08-25 03:55:41,301 - INFO - SELECT softwares.software_id, softwares.name, softwares.image, softwares.status, softwares.ip, softwares.terminal, softwares.created_at, softwares.updated_at 
FROM softwares 
WHERE softwares.status = $1::VARCHAR ORDER BY softwares.name ASC
2025-08-25 03:55:41,301 - INFO - [cached since 1088s ago] ('A',)
2025-08-25 03:55:41,575 - INFO - SELECT publishing.publishing_id, publishing.name, publishing.type, publishing.status, publishing.ip, publishing.terminal, publishing.created_at, publishing.updated_at 
FROM publishing 
WHERE publishing.status = $1::VARCHAR ORDER BY publishing.name ASC
2025-08-25 03:55:41,575 - INFO - [cached since 1087s ago] ('A',)
2025-08-25 03:55:41,742 - INFO - ROLLBACK
2025-08-25 04:01:45,818 - INFO - BEGIN (implicit)
2025-08-25 04:01:45,820 - INFO - SELECT users.user_id, users.first_name, users.last_name, users.username, users.email, users.password, users.professional_headline, users.summary, users.city, users.country_id, users.avatar, users.status, users.ip, users.terminal, users.created_at, users.updated_at, countries_1.country_id AS country_id_1, countries_1.name, countries_1.status AS status_1, countries_1.ip AS ip_1, countries_1.terminal AS terminal_1, countries_1.created_at AS created_at_1, countries_1.updated_at AS updated_at_1 
FROM users LEFT OUTER JOIN countries AS countries_1 ON users.country_id = countries_1.country_id AND countries_1.status = $1::VARCHAR 
WHERE users.username = $2::VARCHAR AND users.status = $3::VARCHAR
2025-08-25 04:01:45,820 - INFO - [generated in 0.00015s] ('A', 'rtandazø', 'A')
2025-08-25 04:01:47,416 - WARNING - (trapped) error reading bcrypt version
Traceback (most recent call last):
  File "/app/venv/lib/python3.11/site-packages/passlib/handlers/bcrypt.py", line 620, in _load_backend_mixin
    version = _bcrypt.__about__.__version__
              ^^^^^^^^^^^^^^^^^
AttributeError: module 'bcrypt' has no attribute '__about__'
2025-08-25 04:01:47,582 - INFO - INSERT INTO refresh_tokens (user_id, token, expires_at, is_revoked, created_at, updated_at) VALUES ($1::INTEGER, $2::VARCHAR, $3::TIMESTAMP WITHOUT TIME ZONE, $4::BOOLEAN, $5::TIMESTAMP WITHOUT TIME ZONE, $6::TIMESTAMP WITHOUT TIME ZONE) RETURNING refresh_tokens.refresh_token_id
2025-08-25 04:01:47,582 - INFO - [cached since 1474s ago] (1, 'eyJhbGciOiJIUzI1NiIsInR5cCI6IkpXVCJ9.eyJzdWIiOiIxIiwicmVtZW1iZXJNZSI6ZmFsc2UsImV4cCI6MTc1NjA5ODEwN30.YFZLe1PXCePRdTgD59xEkYbpOdWKAQ1EETwrKCcMVV8', datetime.datetime(2025, 8, 25, 5, 1, 47, 581696), False, datetime.datetime(2025, 8, 25, 4, 1, 47, 582065), None)
2025-08-25 04:01:47,850 - INFO - COMMIT
2025-08-25 04:01:48,191 - INFO - BEGIN (implicit)
2025-08-25 04:01:48,192 - INFO - SELECT artworks.artwork_id AS artwork_id, artworks.title AS title, artworks.publishing_id AS "publishingId", artworks.has_images AS "hasImages", artworks.has_videos AS "hasVideos", artworks.has_3d_file AS "has3DFile", artworks.created_at AS "createdAt", artwork_thumbnail.filename AS thumbnail, users.username AS owner, users.avatar AS avatar 
FROM artwork_owner JOIN users ON artwork_owner.user_id = users.user_id JOIN artworks ON artwork_owner.artwork_id = artworks.artwork_id AND artworks.status = $1::VARCHAR AND artworks.publishing_id = $2::INTEGER LEFT OUTER JOIN artwork_thumbnail ON artworks.artwork_id = artwork_thumbnail.artwork_id AND artwork_thumbnail.status = $3::VARCHAR 
WHERE artwork_owner.status = $4::VARCHAR ORDER BY artworks.created_at ASC
2025-08-25 04:01:48,192 - INFO - [cached since 1474s ago] ('A', 2, 'A', 'A')
2025-08-25 04:01:48,618 - INFO - ROLLBACK
2025-08-25 04:01:53,381 - INFO - BEGIN (implicit)
2025-08-25 04:01:53,381 - INFO - SELECT artworks.artwork_id AS artwork_id, artworks.title AS title, artworks.publishing_id AS "publishingId", artworks.created_at AS "createdAt", artwork_thumbnail.filename AS thumbnail, users.username AS owner 
FROM artwork_owner JOIN users ON artwork_owner.user_id = users.user_id JOIN artworks ON artwork_owner.artwork_id = artworks.artwork_id AND artworks.status = $1::VARCHAR LEFT OUTER JOIN artwork_thumbnail ON artworks.artwork_id = artwork_thumbnail.artwork_id AND artwork_thumbnail.status = $2::VARCHAR 
WHERE artwork_owner.status = $3::VARCHAR AND artwork_owner.user_id = $4::INTEGER ORDER BY artworks.created_at ASC
2025-08-25 04:01:53,381 - INFO - [cached since 1475s ago] ('A', 'A', 'A', 1)
2025-08-25 04:01:53,791 - INFO - BEGIN (implicit)
2025-08-25 04:01:53,792 - INFO - SELECT user_social_network.user_social_network_id, user_social_network.user_id, user_social_network.social_media_id, user_social_network.link, user_social_network.status, user_social_network.ip, user_social_network.terminal, user_social_network.created_at, user_social_network.updated_at, social_media_1.social_media_id AS social_media_id_1, social_media_1.name, social_media_1.status AS status_1, social_media_1.ip AS ip_1, social_media_1.terminal AS terminal_1, social_media_1.created_at AS created_at_1, social_media_1.updated_at AS updated_at_1 
FROM user_social_network LEFT OUTER JOIN social_media AS social_media_1 ON user_social_network.social_media_id = social_media_1.social_media_id AND social_media_1.status = $1::VARCHAR 
WHERE user_social_network.user_id = $2::INTEGER AND user_social_network.status = $3::VARCHAR ORDER BY user_social_network.user_social_network_id ASC
2025-08-25 04:01:53,792 - INFO - [cached since 1473s ago] ('A', 1, 'A')
2025-08-25 04:01:54,394 - INFO - ROLLBACK
2025-08-25 04:01:54,468 - INFO - ROLLBACK
2025-08-25 04:01:55,623 - INFO - BEGIN (implicit)
2025-08-25 04:01:55,624 - INFO - SELECT categories.category_id, categories.name, categories.status, categories.ip, categories.terminal, categories.created_at, categories.updated_at 
FROM categories 
WHERE categories.status = $1::VARCHAR ORDER BY categories.name ASC
2025-08-25 04:01:55,624 - INFO - [cached since 1464s ago] ('A',)
2025-08-25 04:01:57,272 - INFO - SELECT topics.topic_id, topics.name, topics.status, topics.ip, topics.terminal, topics.created_at, topics.updated_at 
FROM topics 
WHERE topics.status = $1::VARCHAR ORDER BY topics.name ASC
2025-08-25 04:01:57,272 - INFO - [cached since 1465s ago] ('A',)
2025-08-25 04:01:57,506 - INFO - SELECT softwares.software_id, softwares.name, softwares.image, softwares.status, softwares.ip, softwares.terminal, softwares.created_at, softwares.updated_at 
FROM softwares 
WHERE softwares.status = $1::VARCHAR ORDER BY softwares.name ASC
2025-08-25 04:01:57,506 - INFO - [cached since 1464s ago] ('A',)
2025-08-25 04:01:57,864 - INFO - SELECT publishing.publishing_id, publishing.name, publishing.type, publishing.status, publishing.ip, publishing.terminal, publishing.created_at, publishing.updated_at 
FROM publishing 
WHERE publishing.status = $1::VARCHAR ORDER BY publishing.name ASC
2025-08-25 04:01:57,864 - INFO - [cached since 1464s ago] ('A',)
2025-08-25 04:01:58,351 - INFO - ROLLBACK
2025-08-25 04:24:57,187 - INFO - BEGIN (implicit)
2025-08-25 04:24:57,189 - INFO - SELECT refresh_tokens.refresh_token_id, refresh_tokens.user_id, refresh_tokens.token, refresh_tokens.expires_at, refresh_tokens.is_revoked, refresh_tokens.created_at, refresh_tokens.updated_at 
FROM refresh_tokens 
WHERE refresh_tokens.token = $1::VARCHAR AND refresh_tokens.user_id = $2::INTEGER AND refresh_tokens.expires_at > $3::TIMESTAMP WITHOUT TIME ZONE AND refresh_tokens.is_revoked = false
2025-08-25 04:24:57,189 - INFO - [cached since 2866s ago] ('eyJhbGciOiJIUzI1NiIsInR5cCI6IkpXVCJ9.eyJzdWIiOiIxIiwicmVtZW1iZXJNZSI6ZmFsc2UsImV4cCI6MTc1NjA5ODEwN30.YFZLe1PXCePRdTgD59xEkYbpOdWKAQ1EETwrKCcMVV8', 1, datetime.datetime(2025, 8, 25, 4, 24, 57, 187010))
2025-08-25 04:24:57,588 - INFO - UPDATE refresh_tokens SET is_revoked=$1::BOOLEAN, updated_at=$2::TIMESTAMP WITHOUT TIME ZONE WHERE refresh_tokens.refresh_token_id = $3::INTEGER
2025-08-25 04:24:57,588 - INFO - [cached since 2866s ago] (True, datetime.datetime(2025, 8, 25, 4, 24, 57, 588752), 34)
2025-08-25 04:24:57,774 - INFO - COMMIT
2025-08-25 04:25:04,826 - INFO - BEGIN (implicit)
2025-08-25 04:25:04,827 - INFO - SELECT users.user_id, users.first_name, users.last_name, users.username, users.email, users.password, users.professional_headline, users.summary, users.city, users.country_id, users.avatar, users.status, users.ip, users.terminal, users.created_at, users.updated_at, countries_1.country_id AS country_id_1, countries_1.name, countries_1.status AS status_1, countries_1.ip AS ip_1, countries_1.terminal AS terminal_1, countries_1.created_at AS created_at_1, countries_1.updated_at AS updated_at_1 
FROM users LEFT OUTER JOIN countries AS countries_1 ON users.country_id = countries_1.country_id AND countries_1.status = $1::VARCHAR 
WHERE users.username = $2::VARCHAR AND users.status = $3::VARCHAR
2025-08-25 04:25:04,827 - INFO - [cached since 1399s ago] ('A', 'rtandazø', 'A')
2025-08-25 04:25:05,480 - INFO - INSERT INTO refresh_tokens (user_id, token, expires_at, is_revoked, created_at, updated_at) VALUES ($1::INTEGER, $2::VARCHAR, $3::TIMESTAMP WITHOUT TIME ZONE, $4::BOOLEAN, $5::TIMESTAMP WITHOUT TIME ZONE, $6::TIMESTAMP WITHOUT TIME ZONE) RETURNING refresh_tokens.refresh_token_id
2025-08-25 04:25:05,480 - INFO - [cached since 2872s ago] (1, 'eyJhbGciOiJIUzI1NiIsInR5cCI6IkpXVCJ9.eyJzdWIiOiIxIiwicmVtZW1iZXJNZSI6ZmFsc2UsImV4cCI6MTc1NjA5OTUwNX0.29izXd9OJrV40-C9GyzCeBzYpB12mHThUobV4loT4Oc', datetime.datetime(2025, 8, 25, 5, 25, 5, 480494), False, datetime.datetime(2025, 8, 25, 4, 25, 5, 480784), None)
2025-08-25 04:25:05,648 - INFO - COMMIT
2025-08-25 04:25:05,874 - INFO - BEGIN (implicit)
2025-08-25 04:25:05,874 - INFO - SELECT artworks.artwork_id AS artwork_id, artworks.title AS title, artworks.publishing_id AS "publishingId", artworks.has_images AS "hasImages", artworks.has_videos AS "hasVideos", artworks.has_3d_file AS "has3DFile", artworks.created_at AS "createdAt", artwork_thumbnail.filename AS thumbnail, users.username AS owner, users.avatar AS avatar 
FROM artwork_owner JOIN users ON artwork_owner.user_id = users.user_id JOIN artworks ON artwork_owner.artwork_id = artworks.artwork_id AND artworks.status = $1::VARCHAR AND artworks.publishing_id = $2::INTEGER LEFT OUTER JOIN artwork_thumbnail ON artworks.artwork_id = artwork_thumbnail.artwork_id AND artwork_thumbnail.status = $3::VARCHAR 
WHERE artwork_owner.status = $4::VARCHAR ORDER BY artworks.created_at ASC
2025-08-25 04:25:05,875 - INFO - [cached since 2872s ago] ('A', 2, 'A', 'A')
2025-08-25 04:25:06,638 - INFO - ROLLBACK
2025-08-25 04:25:10,150 - INFO - BEGIN (implicit)
2025-08-25 04:25:10,150 - INFO - SELECT artworks.artwork_id AS artwork_id, artworks.title AS title, artworks.publishing_id AS "publishingId", artworks.created_at AS "createdAt", artwork_thumbnail.filename AS thumbnail, users.username AS owner 
FROM artwork_owner JOIN users ON artwork_owner.user_id = users.user_id JOIN artworks ON artwork_owner.artwork_id = artworks.artwork_id AND artworks.status = $1::VARCHAR LEFT OUTER JOIN artwork_thumbnail ON artworks.artwork_id = artwork_thumbnail.artwork_id AND artwork_thumbnail.status = $2::VARCHAR 
WHERE artwork_owner.status = $3::VARCHAR AND artwork_owner.user_id = $4::INTEGER ORDER BY artworks.created_at ASC
2025-08-25 04:25:10,150 - INFO - [cached since 2872s ago] ('A', 'A', 'A', 1)
2025-08-25 04:25:10,486 - INFO - ROLLBACK
2025-08-25 04:28:20,596 - INFO - BEGIN (implicit)
2025-08-25 04:28:20,596 - INFO - SELECT refresh_tokens.refresh_token_id, refresh_tokens.user_id, refresh_tokens.token, refresh_tokens.expires_at, refresh_tokens.is_revoked, refresh_tokens.created_at, refresh_tokens.updated_at 
FROM refresh_tokens 
WHERE refresh_tokens.token = $1::VARCHAR AND refresh_tokens.user_id = $2::INTEGER AND refresh_tokens.expires_at > $3::TIMESTAMP WITHOUT TIME ZONE AND refresh_tokens.is_revoked = false
2025-08-25 04:28:20,597 - INFO - [cached since 3069s ago] ('eyJhbGciOiJIUzI1NiIsInR5cCI6IkpXVCJ9.eyJzdWIiOiIxIiwicmVtZW1iZXJNZSI6ZmFsc2UsImV4cCI6MTc1NjA5OTUwNX0.29izXd9OJrV40-C9GyzCeBzYpB12mHThUobV4loT4Oc', 1, datetime.datetime(2025, 8, 25, 4, 28, 20, 596185))
2025-08-25 04:28:21,003 - INFO - UPDATE refresh_tokens SET is_revoked=$1::BOOLEAN, updated_at=$2::TIMESTAMP WITHOUT TIME ZONE WHERE refresh_tokens.refresh_token_id = $3::INTEGER
2025-08-25 04:28:21,003 - INFO - [cached since 3069s ago] (True, datetime.datetime(2025, 8, 25, 4, 28, 21, 3428), 35)
2025-08-25 04:28:21,180 - INFO - COMMIT
2025-08-25 04:28:43,117 - INFO - BEGIN (implicit)
2025-08-25 04:28:43,117 - INFO - SELECT users.user_id, users.first_name, users.last_name, users.username, users.email, users.password, users.professional_headline, users.summary, users.city, users.country_id, users.avatar, users.status, users.ip, users.terminal, users.created_at, users.updated_at, countries_1.country_id AS country_id_1, countries_1.name, countries_1.status AS status_1, countries_1.ip AS ip_1, countries_1.terminal AS terminal_1, countries_1.created_at AS created_at_1, countries_1.updated_at AS updated_at_1 
FROM users LEFT OUTER JOIN countries AS countries_1 ON users.country_id = countries_1.country_id AND countries_1.status = $1::VARCHAR 
WHERE users.username = $2::VARCHAR AND users.status = $3::VARCHAR
2025-08-25 04:28:43,117 - INFO - [cached since 1617s ago] ('A', 'rtandazø', 'A')
2025-08-25 04:28:43,603 - INFO - INSERT INTO refresh_tokens (user_id, token, expires_at, is_revoked, created_at, updated_at) VALUES ($1::INTEGER, $2::VARCHAR, $3::TIMESTAMP WITHOUT TIME ZONE, $4::BOOLEAN, $5::TIMESTAMP WITHOUT TIME ZONE, $6::TIMESTAMP WITHOUT TIME ZONE) RETURNING refresh_tokens.refresh_token_id
2025-08-25 04:28:43,603 - INFO - [cached since 3090s ago] (1, 'eyJhbGciOiJIUzI1NiIsInR5cCI6IkpXVCJ9.eyJzdWIiOiIxIiwicmVtZW1iZXJNZSI6ZmFsc2UsImV4cCI6MTc1NjA5OTcyM30.JBQhtHmIMV1vKOK6vID9KKbAjFw9mlsVV-q-nto33uM', datetime.datetime(2025, 8, 25, 5, 28, 43, 602925), False, datetime.datetime(2025, 8, 25, 4, 28, 43, 603231), None)
2025-08-25 04:28:43,773 - INFO - COMMIT
2025-08-25 04:28:43,989 - INFO - BEGIN (implicit)
2025-08-25 04:28:43,989 - INFO - SELECT artworks.artwork_id AS artwork_id, artworks.title AS title, artworks.publishing_id AS "publishingId", artworks.has_images AS "hasImages", artworks.has_videos AS "hasVideos", artworks.has_3d_file AS "has3DFile", artworks.created_at AS "createdAt", artwork_thumbnail.filename AS thumbnail, users.username AS owner, users.avatar AS avatar 
FROM artwork_owner JOIN users ON artwork_owner.user_id = users.user_id JOIN artworks ON artwork_owner.artwork_id = artworks.artwork_id AND artworks.status = $1::VARCHAR AND artworks.publishing_id = $2::INTEGER LEFT OUTER JOIN artwork_thumbnail ON artworks.artwork_id = artwork_thumbnail.artwork_id AND artwork_thumbnail.status = $3::VARCHAR 
WHERE artwork_owner.status = $4::VARCHAR ORDER BY artworks.created_at ASC
2025-08-25 04:28:43,990 - INFO - [cached since 3090s ago] ('A', 2, 'A', 'A')
2025-08-25 04:28:44,741 - INFO - ROLLBACK
2025-08-25 04:29:02,882 - INFO - BEGIN (implicit)
2025-08-25 04:29:02,882 - INFO - SELECT user_social_network.user_social_network_id, user_social_network.user_id, user_social_network.social_media_id, user_social_network.link, user_social_network.status, user_social_network.ip, user_social_network.terminal, user_social_network.created_at, user_social_network.updated_at, social_media_1.social_media_id AS social_media_id_1, social_media_1.name, social_media_1.status AS status_1, social_media_1.ip AS ip_1, social_media_1.terminal AS terminal_1, social_media_1.created_at AS created_at_1, social_media_1.updated_at AS updated_at_1 
FROM user_social_network LEFT OUTER JOIN social_media AS social_media_1 ON user_social_network.social_media_id = social_media_1.social_media_id AND social_media_1.status = $1::VARCHAR 
WHERE user_social_network.user_id = $2::INTEGER AND user_social_network.status = $3::VARCHAR ORDER BY user_social_network.user_social_network_id ASC
2025-08-25 04:29:02,882 - INFO - [cached since 3102s ago] ('A', 1, 'A')
2025-08-25 04:29:02,893 - INFO - BEGIN (implicit)
2025-08-25 04:29:02,893 - INFO - SELECT artworks.artwork_id AS artwork_id, artworks.title AS title, artworks.publishing_id AS "publishingId", artworks.created_at AS "createdAt", artwork_thumbnail.filename AS thumbnail, users.username AS owner 
FROM artwork_owner JOIN users ON artwork_owner.user_id = users.user_id JOIN artworks ON artwork_owner.artwork_id = artworks.artwork_id AND artworks.status = $1::VARCHAR LEFT OUTER JOIN artwork_thumbnail ON artworks.artwork_id = artwork_thumbnail.artwork_id AND artwork_thumbnail.status = $2::VARCHAR 
WHERE artwork_owner.status = $3::VARCHAR AND artwork_owner.user_id = $4::INTEGER ORDER BY artworks.created_at ASC
2025-08-25 04:29:02,893 - INFO - [cached since 3104s ago] ('A', 'A', 'A', 1)
2025-08-25 04:29:03,228 - INFO - ROLLBACK
2025-08-25 04:29:03,462 - INFO - ROLLBACK
2025-08-25 04:29:04,675 - INFO - BEGIN (implicit)
2025-08-25 04:29:04,675 - INFO - SELECT categories.category_id, categories.name, categories.status, categories.ip, categories.terminal, categories.created_at, categories.updated_at 
FROM categories 
WHERE categories.status = $1::VARCHAR ORDER BY categories.name ASC
2025-08-25 04:29:04,675 - INFO - [cached since 3093s ago] ('A',)
2025-08-25 04:29:05,023 - INFO - SELECT topics.topic_id, topics.name, topics.status, topics.ip, topics.terminal, topics.created_at, topics.updated_at 
FROM topics 
WHERE topics.status = $1::VARCHAR ORDER BY topics.name ASC
2025-08-25 04:29:05,024 - INFO - [cached since 3093s ago] ('A',)
2025-08-25 04:29:05,223 - INFO - SELECT softwares.software_id, softwares.name, softwares.image, softwares.status, softwares.ip, softwares.terminal, softwares.created_at, softwares.updated_at 
FROM softwares 
WHERE softwares.status = $1::VARCHAR ORDER BY softwares.name ASC
2025-08-25 04:29:05,223 - INFO - [cached since 3092s ago] ('A',)
2025-08-25 04:29:05,399 - INFO - SELECT publishing.publishing_id, publishing.name, publishing.type, publishing.status, publishing.ip, publishing.terminal, publishing.created_at, publishing.updated_at 
FROM publishing 
WHERE publishing.status = $1::VARCHAR ORDER BY publishing.name ASC
2025-08-25 04:29:05,399 - INFO - [cached since 3091s ago] ('A',)
2025-08-25 04:29:05,570 - INFO - ROLLBACK
2025-08-25 04:33:30,750 - INFO - BEGIN (implicit)
2025-08-25 04:33:30,751 - INFO - SELECT refresh_tokens.refresh_token_id, refresh_tokens.user_id, refresh_tokens.token, refresh_tokens.expires_at, refresh_tokens.is_revoked, refresh_tokens.created_at, refresh_tokens.updated_at 
FROM refresh_tokens 
WHERE refresh_tokens.token = $1::VARCHAR AND refresh_tokens.user_id = $2::INTEGER AND refresh_tokens.expires_at > $3::TIMESTAMP WITHOUT TIME ZONE AND refresh_tokens.is_revoked = false
2025-08-25 04:33:30,751 - INFO - [cached since 3380s ago] ('eyJhbGciOiJIUzI1NiIsInR5cCI6IkpXVCJ9.eyJzdWIiOiIxIiwicmVtZW1iZXJNZSI6ZmFsc2UsImV4cCI6MTc1NjA5OTcyM30.JBQhtHmIMV1vKOK6vID9KKbAjFw9mlsVV-q-nto33uM', 1, datetime.datetime(2025, 8, 25, 4, 33, 30, 750030))
2025-08-25 04:33:31,647 - INFO - UPDATE refresh_tokens SET is_revoked=$1::BOOLEAN, updated_at=$2::TIMESTAMP WITHOUT TIME ZONE WHERE refresh_tokens.refresh_token_id = $3::INTEGER
2025-08-25 04:33:31,647 - INFO - [cached since 3380s ago] (True, datetime.datetime(2025, 8, 25, 4, 33, 31, 647744), 36)
2025-08-25 04:33:32,633 - INFO - COMMIT
2025-08-25 04:33:33,721 - INFO - BEGIN (implicit)
2025-08-25 04:33:33,722 - INFO - SELECT users.user_id, users.first_name, users.last_name, users.username, users.email, users.password, users.professional_headline, users.summary, users.city, users.country_id, users.avatar, users.status, users.ip, users.terminal, users.created_at, users.updated_at, countries_1.country_id AS country_id_1, countries_1.name, countries_1.status AS status_1, countries_1.ip AS ip_1, countries_1.terminal AS terminal_1, countries_1.created_at AS created_at_1, countries_1.updated_at AS updated_at_1 
FROM users LEFT OUTER JOIN countries AS countries_1 ON users.country_id = countries_1.country_id AND countries_1.status = $1::VARCHAR 
WHERE users.username = $2::VARCHAR AND users.status = $3::VARCHAR
2025-08-25 04:33:33,722 - INFO - [cached since 1908s ago] ('A', 'rtandazø', 'A')
2025-08-25 04:33:34,216 - INFO - INSERT INTO refresh_tokens (user_id, token, expires_at, is_revoked, created_at, updated_at) VALUES ($1::INTEGER, $2::VARCHAR, $3::TIMESTAMP WITHOUT TIME ZONE, $4::BOOLEAN, $5::TIMESTAMP WITHOUT TIME ZONE, $6::TIMESTAMP WITHOUT TIME ZONE) RETURNING refresh_tokens.refresh_token_id
2025-08-25 04:33:34,216 - INFO - [cached since 3381s ago] (1, 'eyJhbGciOiJIUzI1NiIsInR5cCI6IkpXVCJ9.eyJzdWIiOiIxIiwicmVtZW1iZXJNZSI6ZmFsc2UsImV4cCI6MTc1NjEwMDAxNH0.5lAxoaf6nN3E4_0wcwNGuZkxcomt7QRgdmL9wULk5o4', datetime.datetime(2025, 8, 25, 5, 33, 34, 216126), False, datetime.datetime(2025, 8, 25, 4, 33, 34, 216464), None)
2025-08-25 04:33:34,384 - INFO - COMMIT
2025-08-25 04:33:34,670 - INFO - BEGIN (implicit)
2025-08-25 04:33:34,671 - INFO - SELECT artworks.artwork_id AS artwork_id, artworks.title AS title, artworks.publishing_id AS "publishingId", artworks.has_images AS "hasImages", artworks.has_videos AS "hasVideos", artworks.has_3d_file AS "has3DFile", artworks.created_at AS "createdAt", artwork_thumbnail.filename AS thumbnail, users.username AS owner, users.avatar AS avatar 
FROM artwork_owner JOIN users ON artwork_owner.user_id = users.user_id JOIN artworks ON artwork_owner.artwork_id = artworks.artwork_id AND artworks.status = $1::VARCHAR AND artworks.publishing_id = $2::INTEGER LEFT OUTER JOIN artwork_thumbnail ON artworks.artwork_id = artwork_thumbnail.artwork_id AND artwork_thumbnail.status = $3::VARCHAR 
WHERE artwork_owner.status = $4::VARCHAR ORDER BY artworks.created_at ASC
2025-08-25 04:33:34,671 - INFO - [cached since 3380s ago] ('A', 2, 'A', 'A')
2025-08-25 04:33:35,422 - INFO - ROLLBACK
2025-08-25 04:33:59,044 - INFO - BEGIN (implicit)
2025-08-25 04:33:59,044 - INFO - SELECT artworks.artwork_id AS artwork_id, artworks.title AS title, artworks.publishing_id AS "publishingId", artworks.created_at AS "createdAt", artwork_thumbnail.filename AS thumbnail, users.username AS owner 
FROM artwork_owner JOIN users ON artwork_owner.user_id = users.user_id JOIN artworks ON artwork_owner.artwork_id = artworks.artwork_id AND artworks.status = $1::VARCHAR LEFT OUTER JOIN artwork_thumbnail ON artworks.artwork_id = artwork_thumbnail.artwork_id AND artwork_thumbnail.status = $2::VARCHAR 
WHERE artwork_owner.status = $3::VARCHAR AND artwork_owner.user_id = $4::INTEGER ORDER BY artworks.created_at ASC
2025-08-25 04:33:59,044 - INFO - [cached since 3401s ago] ('A', 'A', 'A', 1)
2025-08-25 04:33:59,378 - INFO - ROLLBACK
2025-08-25 04:33:59,501 - INFO - BEGIN (implicit)
2025-08-25 04:33:59,502 - INFO - SELECT user_social_network.user_social_network_id, user_social_network.user_id, user_social_network.social_media_id, user_social_network.link, user_social_network.status, user_social_network.ip, user_social_network.terminal, user_social_network.created_at, user_social_network.updated_at, social_media_1.social_media_id AS social_media_id_1, social_media_1.name, social_media_1.status AS status_1, social_media_1.ip AS ip_1, social_media_1.terminal AS terminal_1, social_media_1.created_at AS created_at_1, social_media_1.updated_at AS updated_at_1 
FROM user_social_network LEFT OUTER JOIN social_media AS social_media_1 ON user_social_network.social_media_id = social_media_1.social_media_id AND social_media_1.status = $1::VARCHAR 
WHERE user_social_network.user_id = $2::INTEGER AND user_social_network.status = $3::VARCHAR ORDER BY user_social_network.user_social_network_id ASC
2025-08-25 04:33:59,502 - INFO - [cached since 3398s ago] ('A', 1, 'A')
2025-08-25 04:34:00,244 - INFO - ROLLBACK
2025-08-25 04:34:02,866 - INFO - BEGIN (implicit)
2025-08-25 04:34:02,867 - INFO - SELECT categories.category_id, categories.name, categories.status, categories.ip, categories.terminal, categories.created_at, categories.updated_at 
FROM categories 
WHERE categories.status = $1::VARCHAR ORDER BY categories.name ASC
2025-08-25 04:34:02,867 - INFO - [cached since 3391s ago] ('A',)
2025-08-25 04:34:03,217 - INFO - SELECT topics.topic_id, topics.name, topics.status, topics.ip, topics.terminal, topics.created_at, topics.updated_at 
FROM topics 
WHERE topics.status = $1::VARCHAR ORDER BY topics.name ASC
2025-08-25 04:34:03,217 - INFO - [cached since 3391s ago] ('A',)
2025-08-25 04:34:03,442 - INFO - SELECT softwares.software_id, softwares.name, softwares.image, softwares.status, softwares.ip, softwares.terminal, softwares.created_at, softwares.updated_at 
FROM softwares 
WHERE softwares.status = $1::VARCHAR ORDER BY softwares.name ASC
2025-08-25 04:34:03,442 - INFO - [cached since 3390s ago] ('A',)
2025-08-25 04:34:03,610 - INFO - SELECT publishing.publishing_id, publishing.name, publishing.type, publishing.status, publishing.ip, publishing.terminal, publishing.created_at, publishing.updated_at 
FROM publishing 
WHERE publishing.status = $1::VARCHAR ORDER BY publishing.name ASC
2025-08-25 04:34:03,610 - INFO - [cached since 3390s ago] ('A',)
2025-08-25 04:34:03,797 - INFO - ROLLBACK
2025-08-25 04:53:12,184 - INFO - BEGIN (implicit)
2025-08-25 04:53:12,185 - INFO - SELECT refresh_tokens.refresh_token_id, refresh_tokens.user_id, refresh_tokens.token, refresh_tokens.expires_at, refresh_tokens.is_revoked, refresh_tokens.created_at, refresh_tokens.updated_at 
FROM refresh_tokens 
WHERE refresh_tokens.token = $1::VARCHAR AND refresh_tokens.user_id = $2::INTEGER AND refresh_tokens.expires_at > $3::TIMESTAMP WITHOUT TIME ZONE AND refresh_tokens.is_revoked = false
2025-08-25 04:53:12,185 - INFO - [cached since 4561s ago] ('eyJhbGciOiJIUzI1NiIsInR5cCI6IkpXVCJ9.eyJzdWIiOiIxIiwicmVtZW1iZXJNZSI6ZmFsc2UsImV4cCI6MTc1NjEwMDAxNH0.5lAxoaf6nN3E4_0wcwNGuZkxcomt7QRgdmL9wULk5o4', 1, datetime.datetime(2025, 8, 25, 4, 53, 12, 184316))
2025-08-25 04:53:12,786 - INFO - UPDATE refresh_tokens SET is_revoked=$1::BOOLEAN, updated_at=$2::TIMESTAMP WITHOUT TIME ZONE WHERE refresh_tokens.refresh_token_id = $3::INTEGER
2025-08-25 04:53:12,786 - INFO - [cached since 4561s ago] (True, datetime.datetime(2025, 8, 25, 4, 53, 12, 786017), 37)
2025-08-25 04:53:12,956 - INFO - COMMIT
2025-08-25 04:53:15,006 - INFO - BEGIN (implicit)
2025-08-25 04:53:15,006 - INFO - SELECT users.user_id, users.first_name, users.last_name, users.username, users.email, users.password, users.professional_headline, users.summary, users.city, users.country_id, users.avatar, users.status, users.ip, users.terminal, users.created_at, users.updated_at, countries_1.country_id AS country_id_1, countries_1.name, countries_1.status AS status_1, countries_1.ip AS ip_1, countries_1.terminal AS terminal_1, countries_1.created_at AS created_at_1, countries_1.updated_at AS updated_at_1 
FROM users LEFT OUTER JOIN countries AS countries_1 ON users.country_id = countries_1.country_id AND countries_1.status = $1::VARCHAR 
WHERE users.username = $2::VARCHAR AND users.status = $3::VARCHAR
2025-08-25 04:53:15,006 - INFO - [cached since 3089s ago] ('A', 'rtandazø', 'A')
2025-08-25 04:53:15,689 - INFO - INSERT INTO refresh_tokens (user_id, token, expires_at, is_revoked, created_at, updated_at) VALUES ($1::INTEGER, $2::VARCHAR, $3::TIMESTAMP WITHOUT TIME ZONE, $4::BOOLEAN, $5::TIMESTAMP WITHOUT TIME ZONE, $6::TIMESTAMP WITHOUT TIME ZONE) RETURNING refresh_tokens.refresh_token_id
2025-08-25 04:53:15,689 - INFO - [cached since 4562s ago] (1, 'eyJhbGciOiJIUzI1NiIsInR5cCI6IkpXVCJ9.eyJzdWIiOiIxIiwicmVtZW1iZXJNZSI6ZmFsc2UsImV4cCI6MTc1NjEwMTE5NX0.fgSwUEUrl1jabumhWZ09SoYf7oQAOm2Vsnz4-0WIbhI', datetime.datetime(2025, 8, 25, 5, 53, 15, 688645), False, datetime.datetime(2025, 8, 25, 4, 53, 15, 688992), None)
2025-08-25 04:53:15,899 - INFO - COMMIT
2025-08-25 04:53:16,167 - INFO - BEGIN (implicit)
2025-08-25 04:53:16,167 - INFO - SELECT artworks.artwork_id AS artwork_id, artworks.title AS title, artworks.publishing_id AS "publishingId", artworks.has_images AS "hasImages", artworks.has_videos AS "hasVideos", artworks.has_3d_file AS "has3DFile", artworks.created_at AS "createdAt", artwork_thumbnail.filename AS thumbnail, users.username AS owner, users.avatar AS avatar 
FROM artwork_owner JOIN users ON artwork_owner.user_id = users.user_id JOIN artworks ON artwork_owner.artwork_id = artworks.artwork_id AND artworks.status = $1::VARCHAR AND artworks.publishing_id = $2::INTEGER LEFT OUTER JOIN artwork_thumbnail ON artworks.artwork_id = artwork_thumbnail.artwork_id AND artwork_thumbnail.status = $3::VARCHAR 
WHERE artwork_owner.status = $4::VARCHAR ORDER BY artworks.created_at ASC
2025-08-25 04:53:16,168 - INFO - [cached since 4562s ago] ('A', 2, 'A', 'A')
2025-08-25 04:53:16,591 - INFO - ROLLBACK
2025-08-25 04:53:44,771 - INFO - BEGIN (implicit)
2025-08-25 04:53:44,771 - INFO - SELECT artworks.artwork_id AS artwork_id, artworks.title AS title, artworks.publishing_id AS "publishingId", artworks.created_at AS "createdAt", artwork_thumbnail.filename AS thumbnail, users.username AS owner 
FROM artwork_owner JOIN users ON artwork_owner.user_id = users.user_id JOIN artworks ON artwork_owner.artwork_id = artworks.artwork_id AND artworks.status = $1::VARCHAR LEFT OUTER JOIN artwork_thumbnail ON artworks.artwork_id = artwork_thumbnail.artwork_id AND artwork_thumbnail.status = $2::VARCHAR 
WHERE artwork_owner.status = $3::VARCHAR AND artwork_owner.user_id = $4::INTEGER ORDER BY artworks.created_at ASC
2025-08-25 04:53:44,771 - INFO - [cached since 4586s ago] ('A', 'A', 'A', 1)
2025-08-25 04:53:45,106 - INFO - ROLLBACK
2025-08-25 05:21:09,606 - INFO - BEGIN (implicit)
2025-08-25 05:21:09,607 - INFO - SELECT refresh_tokens.refresh_token_id, refresh_tokens.user_id, refresh_tokens.token, refresh_tokens.expires_at, refresh_tokens.is_revoked, refresh_tokens.created_at, refresh_tokens.updated_at 
FROM refresh_tokens 
WHERE refresh_tokens.token = $1::VARCHAR AND refresh_tokens.user_id = $2::INTEGER AND refresh_tokens.expires_at > $3::TIMESTAMP WITHOUT TIME ZONE AND refresh_tokens.is_revoked = false
2025-08-25 05:21:09,607 - INFO - [cached since 6239s ago] ('eyJhbGciOiJIUzI1NiIsInR5cCI6IkpXVCJ9.eyJzdWIiOiIxIiwicmVtZW1iZXJNZSI6ZmFsc2UsImV4cCI6MTc1NjEwMTE5NX0.fgSwUEUrl1jabumhWZ09SoYf7oQAOm2Vsnz4-0WIbhI', 1, datetime.datetime(2025, 8, 25, 5, 21, 9, 605835))
2025-08-25 05:21:10,090 - INFO - UPDATE refresh_tokens SET is_revoked=$1::BOOLEAN, updated_at=$2::TIMESTAMP WITHOUT TIME ZONE WHERE refresh_tokens.refresh_token_id = $3::INTEGER
2025-08-25 05:21:10,090 - INFO - [cached since 6238s ago] (True, datetime.datetime(2025, 8, 25, 5, 21, 10, 90505), 38)
2025-08-25 05:21:10,325 - INFO - COMMIT
2025-08-25 05:21:11,790 - INFO - BEGIN (implicit)
2025-08-25 05:21:11,790 - INFO - SELECT users.user_id, users.first_name, users.last_name, users.username, users.email, users.password, users.professional_headline, users.summary, users.city, users.country_id, users.avatar, users.status, users.ip, users.terminal, users.created_at, users.updated_at, countries_1.country_id AS country_id_1, countries_1.name, countries_1.status AS status_1, countries_1.ip AS ip_1, countries_1.terminal AS terminal_1, countries_1.created_at AS created_at_1, countries_1.updated_at AS updated_at_1 
FROM users LEFT OUTER JOIN countries AS countries_1 ON users.country_id = countries_1.country_id AND countries_1.status = $1::VARCHAR 
WHERE users.username = $2::VARCHAR AND users.status = $3::VARCHAR
2025-08-25 05:21:11,790 - INFO - [cached since 4766s ago] ('A', 'rtandazø', 'A')
2025-08-25 05:21:12,322 - INFO - INSERT INTO refresh_tokens (user_id, token, expires_at, is_revoked, created_at, updated_at) VALUES ($1::INTEGER, $2::VARCHAR, $3::TIMESTAMP WITHOUT TIME ZONE, $4::BOOLEAN, $5::TIMESTAMP WITHOUT TIME ZONE, $6::TIMESTAMP WITHOUT TIME ZONE) RETURNING refresh_tokens.refresh_token_id
2025-08-25 05:21:12,322 - INFO - [cached since 6239s ago] (1, 'eyJhbGciOiJIUzI1NiIsInR5cCI6IkpXVCJ9.eyJzdWIiOiIxIiwicmVtZW1iZXJNZSI6ZmFsc2UsImV4cCI6MTc1NjEwMjg3Mn0.Ccq-03mftyi8_5U9awzBT1VTQNMITZSt2x5hWRO-CX0', datetime.datetime(2025, 8, 25, 6, 21, 12, 322295), False, datetime.datetime(2025, 8, 25, 5, 21, 12, 322601), None)
2025-08-25 05:21:12,526 - INFO - COMMIT
2025-08-25 05:21:12,749 - INFO - BEGIN (implicit)
2025-08-25 05:21:12,750 - INFO - SELECT artworks.artwork_id AS artwork_id, artworks.title AS title, artworks.publishing_id AS "publishingId", artworks.has_images AS "hasImages", artworks.has_videos AS "hasVideos", artworks.has_3d_file AS "has3DFile", artworks.created_at AS "createdAt", artwork_thumbnail.filename AS thumbnail, users.username AS owner, users.avatar AS avatar 
FROM artwork_owner JOIN users ON artwork_owner.user_id = users.user_id JOIN artworks ON artwork_owner.artwork_id = artworks.artwork_id AND artworks.status = $1::VARCHAR AND artworks.publishing_id = $2::INTEGER LEFT OUTER JOIN artwork_thumbnail ON artworks.artwork_id = artwork_thumbnail.artwork_id AND artwork_thumbnail.status = $3::VARCHAR 
WHERE artwork_owner.status = $4::VARCHAR ORDER BY artworks.created_at ASC
2025-08-25 05:21:12,750 - INFO - [cached since 6239s ago] ('A', 2, 'A', 'A')
2025-08-25 05:21:13,203 - INFO - ROLLBACK
2025-08-25 05:21:14,751 - INFO - BEGIN (implicit)
2025-08-25 05:21:14,752 - INFO - SELECT artworks.artwork_id AS artwork_id, artworks.title AS title, artworks.publishing_id AS "publishingId", artworks.created_at AS "createdAt", artwork_thumbnail.filename AS thumbnail, users.username AS owner 
FROM artwork_owner JOIN users ON artwork_owner.user_id = users.user_id JOIN artworks ON artwork_owner.artwork_id = artworks.artwork_id AND artworks.status = $1::VARCHAR LEFT OUTER JOIN artwork_thumbnail ON artworks.artwork_id = artwork_thumbnail.artwork_id AND artwork_thumbnail.status = $2::VARCHAR 
WHERE artwork_owner.status = $3::VARCHAR AND artwork_owner.user_id = $4::INTEGER ORDER BY artworks.created_at ASC
2025-08-25 05:21:14,752 - INFO - [cached since 6236s ago] ('A', 'A', 'A', 1)
2025-08-25 05:21:14,754 - INFO - BEGIN (implicit)
2025-08-25 05:21:14,754 - INFO - SELECT user_social_network.user_social_network_id, user_social_network.user_id, user_social_network.social_media_id, user_social_network.link, user_social_network.status, user_social_network.ip, user_social_network.terminal, user_social_network.created_at, user_social_network.updated_at, social_media_1.social_media_id AS social_media_id_1, social_media_1.name, social_media_1.status AS status_1, social_media_1.ip AS ip_1, social_media_1.terminal AS terminal_1, social_media_1.created_at AS created_at_1, social_media_1.updated_at AS updated_at_1 
FROM user_social_network LEFT OUTER JOIN social_media AS social_media_1 ON user_social_network.social_media_id = social_media_1.social_media_id AND social_media_1.status = $1::VARCHAR 
WHERE user_social_network.user_id = $2::INTEGER AND user_social_network.status = $3::VARCHAR ORDER BY user_social_network.user_social_network_id ASC
2025-08-25 05:21:14,754 - INFO - [cached since 6234s ago] ('A', 1, 'A')
2025-08-25 05:21:15,192 - INFO - ROLLBACK
2025-08-25 05:21:15,277 - INFO - ROLLBACK
2025-08-25 05:21:16,023 - INFO - BEGIN (implicit)
2025-08-25 05:21:16,023 - INFO - SELECT categories.category_id, categories.name, categories.status, categories.ip, categories.terminal, categories.created_at, categories.updated_at 
FROM categories 
WHERE categories.status = $1::VARCHAR ORDER BY categories.name ASC
2025-08-25 05:21:16,023 - INFO - [cached since 6224s ago] ('A',)
2025-08-25 05:21:16,378 - INFO - SELECT topics.topic_id, topics.name, topics.status, topics.ip, topics.terminal, topics.created_at, topics.updated_at 
FROM topics 
WHERE topics.status = $1::VARCHAR ORDER BY topics.name ASC
2025-08-25 05:21:16,378 - INFO - [cached since 6224s ago] ('A',)
2025-08-25 05:21:16,886 - INFO - SELECT softwares.software_id, softwares.name, softwares.image, softwares.status, softwares.ip, softwares.terminal, softwares.created_at, softwares.updated_at 
FROM softwares 
WHERE softwares.status = $1::VARCHAR ORDER BY softwares.name ASC
2025-08-25 05:21:16,886 - INFO - [cached since 6224s ago] ('A',)
2025-08-25 05:21:17,069 - INFO - SELECT publishing.publishing_id, publishing.name, publishing.type, publishing.status, publishing.ip, publishing.terminal, publishing.created_at, publishing.updated_at 
FROM publishing 
WHERE publishing.status = $1::VARCHAR ORDER BY publishing.name ASC
2025-08-25 05:21:17,069 - INFO - [cached since 6223s ago] ('A',)
2025-08-25 05:21:17,308 - INFO - ROLLBACK
